#-----------------------------------------------------------
# Vivado v2024.2 (64-bit)
# SW Build 5239630 on Fri Nov 08 22:34:34 MST 2024
# IP Build 5239520 on Sun Nov 10 16:12:51 MST 2024
# SharedData Build 5239561 on Fri Nov 08 14:39:27 MST 2024
# Start of session at: Sun Jul 12 15:34:53 2026
# Process ID         : 2056139
# Current directory  : /home/ruri/hardware-design
# Command line       : vivado -mode batch -source build/vivado/data1_13bit_fullmask_one.tcl -tclargs 0 -journal build/vivado/data1_fullmask_0.jou -log build/vivado/data1_fullmask_0.log
# Log file           : /home/ruri/hardware-design/vivado.log
# Journal file       : /home/ruri/hardware-design/vivado.jou
# Running On         : navi
# Platform           : unknown
# Operating System   : unknown
# Processor Detail   : 12th Gen Intel(R) Core(TM) i5-12400
# CPU Frequency      : 2496.000 MHz
# CPU Physical cores : 6
# CPU Logical cores  : 6
# Host memory        : 8308 MB
# Swap memory        : 8589 MB
# Total Virtual      : 16898 MB
# Available Virtual  : 14188 MB
#-----------------------------------------------------------
source build/vivado/data1_13bit_fullmask_one.tcl
# set repo_root [file normalize [file join [file dirname [info script]] "../.."]]
# set bit [lindex $argv 0]
# if {$bit eq ""} {
#   error "usage: data1_13bit_fullmask_one.tcl <sample_bit>"
# }
# set bit_file [file join $repo_root "build" "vivado" "Data1PinIla.bit"]
# set ltx_file [file join $repo_root "build" "vivado" "Data1PinIla.ltx"]
# proc send_zero_burst {} {
#   exec python3 -c {
# import os, termios, time
# fd = os.open('/dev/ttyUSB0', os.O_RDWR | os.O_NOCTTY | os.O_SYNC)
# old = termios.tcgetattr(fd)
# try:
#     t = termios.tcgetattr(fd)
#     t[0] = t[1] = t[3] = 0
#     t[2] = termios.CS8 | termios.CREAD | termios.CLOCAL
#     t[4] = termios.B115200
#     t[5] = termios.B115200
#     termios.tcsetattr(fd, termios.TCSANOW, t)
#     end = time.monotonic() + 1.0
#     while time.monotonic() < end:
#         os.write(fd, b'\x00' * 256)
#         termios.tcdrain(fd)
# finally:
#     termios.tcsetattr(fd, termios.TCSANOW, old)
#     os.close(fd)
# } &
# }
# open_hw_manager
# connect_hw_server
INFO: [Labtools 27-2285] Connecting to hw_server url TCP:localhost:3121
INFO: [Labtools 27-3415] Connecting to cs_server url TCP:localhost:0
INFO: [Labtools 27-3417] Launching cs_server...
INFO: [Labtools 27-2221] Launch Output:


******** Xilinx cs_server v2024.2.0
  ****** Build date   : Oct 30 2024-18:19:07
    **** Build number : 2024.2.1730312347
      ** Copyright 2017-2022 Xilinx, Inc. All Rights Reserved.
      ** Copyright 2022-2026 Advanced Micro Devices, Inc. All Rights Reserved.



# open_hw_target
INFO: [Labtoolstcl 44-466] Opening hw_target localhost:3121/xilinx_tcf/Digilent/210251A08870
# set dev [lindex [get_hw_devices xc7z010*] 0]
# current_hw_device $dev
# set_property PROGRAM.FILE $bit_file $dev
# set_property PROBES.FILE $ltx_file $dev
# program_hw_devices $dev
INFO: [Labtools 27-3164] End of startup status: HIGH
# refresh_hw_device $dev
INFO: [Labtools 27-2302] Device xc7z010 (JTAG device index = 1) is programmed with a design that has 1 ILA core(s).
# set ila [lindex [get_hw_ilas] 0]
# set probe [get_hw_probes sample]
# set_property CONTROL.DATA_DEPTH 16 $ila
# set_property CONTROL.TRIGGER_POSITION 0 $ila
# set value [expr {0x1fff & ~(1 << $bit)}]
# set pattern [format "eq13'h%03x" $value]
# set_property TRIGGER_COMPARE_VALUE $pattern $probe
# run_hw_ila $ila
INFO: [Labtools 27-1964] The ILA core 'hw_ila_1' trigger was armed at 2026-Jul-12 15:35:00
# send_zero_burst
INFO: [Common 17-41] Interrupt caught. Command should exit soon.
INFO: [Labtoolstcl 44-61] wait_on_hw_ila command cancelled.
wait_on_hw_ila: Time (s): cpu = 00:00:00.05 ; elapsed = 00:01:10 . Memory (MB): peak = 1492.113 ; gain = 16.008 ; free physical = 2622 ; free virtual = 13264
INFO: [Common 17-344] 'wait_on_hw_ila' was cancelled
INFO: [Common 17-344] 'source' was cancelled
INFO: [Common 17-206] Exiting Vivado at Sun Jul 12 15:36:10 2026...
