#-----------------------------------------------------------
# Vivado v2024.2 (64-bit)
# SW Build 5239630 on Fri Nov 08 22:34:34 MST 2024
# IP Build 5239520 on Sun Nov 10 16:12:51 MST 2024
# SharedData Build 5239561 on Fri Nov 08 14:39:27 MST 2024
# Start of session at: Sun Jul 12 15:37:40 2026
# Process ID         : 2057625
# Current directory  : /home/ruri/hardware-design
# Command line       : vivado -mode batch -source build/vivado/data1_ila_capture.tcl -tclargs build/vivado/data1_ila_idle_now.csv -journal build/vivado/data1_ila_idle_now.jou -log build/vivado/data1_ila_idle_now.log
# Log file           : /home/ruri/hardware-design/vivado.log
# Journal file       : /home/ruri/hardware-design/vivado.jou
# Running On         : navi
# Platform           : unknown
# Operating System   : unknown
# Processor Detail   : 12th Gen Intel(R) Core(TM) i5-12400
# CPU Frequency      : 2496.000 MHz
# CPU Physical cores : 6
# CPU Logical cores  : 6
# Host memory        : 8308 MB
# Swap memory        : 8589 MB
# Total Virtual      : 16898 MB
# Available Virtual  : 14374 MB
#-----------------------------------------------------------
source build/vivado/data1_ila_capture.tcl
# set repo_root [file normalize [file join [file dirname [info script]] "../.."]]
# set out_file [lindex $argv 0]
# if {$out_file eq ""} {
#   set out_file [file join $repo_root "build" "vivado" "data1_ila_capture.csv"]
# }
# set bit_file [file join $repo_root "build" "vivado" "Data1PinIla.bit"]
# set ltx_file [file join $repo_root "build" "vivado" "Data1PinIla.ltx"]
# open_hw_manager
# connect_hw_server
INFO: [Labtools 27-2285] Connecting to hw_server url TCP:localhost:3121
INFO: [Labtools 27-2222] Launching hw_server...
INFO: [Labtools 27-2221] Launch Output:

****** Xilinx hw_server v2024.2
  **** Build date : Oct 29 2024 at 10:16:47
    ** Copyright 1986-2022 Xilinx, Inc. All Rights Reserved.


INFO: [Labtools 27-3415] Connecting to cs_server url TCP:localhost:0
INFO: [Labtools 27-3417] Launching cs_server...
INFO: [Labtools 27-2221] Launch Output:


******** Xilinx cs_server v2024.2.0
  ****** Build date   : Oct 30 2024-18:19:07
    **** Build number : 2024.2.1730312347
      ** Copyright 2017-2022 Xilinx, Inc. All Rights Reserved.
      ** Copyright 2022-2026 Advanced Micro Devices, Inc. All Rights Reserved.



# open_hw_target
INFO: [Labtoolstcl 44-466] Opening hw_target localhost:3121/xilinx_tcf/Digilent/210251A08870
# set dev [lindex [get_hw_devices xc7z010*] 0]
# current_hw_device $dev
# set_property PROGRAM.FILE $bit_file $dev
# set_property PROBES.FILE $ltx_file $dev
# program_hw_devices $dev
INFO: [Labtools 27-3164] End of startup status: HIGH
# refresh_hw_device $dev
INFO: [Labtools 27-2302] Device xc7z010 (JTAG device index = 1) is programmed with a design that has 1 ILA core(s).
# set ila [lindex [get_hw_ilas] 0]
# set_property CONTROL.DATA_DEPTH 16 $ila
# set_property CONTROL.TRIGGER_POSITION 0 $ila
# run_hw_ila $ila -trigger_now
INFO: [Labtools 27-1964] The ILA core 'hw_ila_1' trigger was armed at 2026-Jul-12 15:37:48
# wait_on_hw_ila $ila
INFO: [Labtools 27-1966] The ILA core 'hw_ila_1' triggered at 2026-Jul-12 15:37:48
ERROR: [Xicom 50-38] xicom: No trigger mark in any sample in window: 0.
ERROR: [Xicom 50-41] Waveform data read from ILA core is corrupted (user chain=1, slave index=0).
Resolution:
1) Ensure that the clock signal connected to the debug core and/or debug hub is clean and free-running.
2) Ensure that the clock connected to the debug core and/or debug hub meets all timing constraints.
3) Ensure that the clock connected to debug core and/or debug hub is faster than the JTAG clock frequency.
ERROR: [Xicom 50-38] xicom: Error during interpreting trace readback data
ERROR: [Labtools 27-3176] hw_server failed during internal command.
Resolution: Check that the hw_server is running and the hardware connectivity to the target
INFO: [Common 17-206] Exiting Vivado at Sun Jul 12 15:37:48 2026...
